-------------------------------------------------------------------------------
Test set: org.apache.flink.api.java.io.TextInputFormatTest
-------------------------------------------------------------------------------
Tests run: 3, Failures: 1, Errors: 0, Skipped: 0, Time elapsed: 0.163 sec <<< FAILURE! - in org.apache.flink.api.java.io.TextInputFormatTest
testNestedFileRead(org.apache.flink.api.java.io.TextInputFormatTest)  Time elapsed: 0.088 sec  <<< FAILURE!
java.lang.AssertionError: Test erroneous
	at org.junit.Assert.fail(Assert.java:88)
	at org.apache.flink.api.java.io.TextInputFormatTest.testNestedFileRead(TextInputFormatTest.java:139)

