<?xml version="1.0" encoding="UTF-8"?>
<testsuite name="org.apache.flink.api.common.io.SerializedFormatTest" time="65.203" tests="40" errors="0" skipped="0" failures="0">
  <properties>
[...]
</properties>
  <testcase name="checkInputSplits[0]" classname="org.apache.flink.api.common.io.SerializedFormatTest" time="5.333"/>
  <testcase name="checkRead[0]" classname="org.apache.flink.api.common.io.SerializedFormatTest" time="0.714"/>
  <testcase name="checkLength[0]" classname="org.apache.flink.api.common.io.SerializedFormatTest" time="0.03"/>
  <testcase name="checkStatistics[0]" classname="org.apache.flink.api.common.io.SerializedFormatTest" time="0.04"/>
  <testcase name="checkInputSplits[1]" classname="org.apache.flink.api.common.io.SerializedFormatTest" time="0.029"/>
  <testcase name="checkRead[1]" classname="org.apache.flink.api.common.io.SerializedFormatTest" time="0.228"/>
  <testcase name="checkLength[1]" classname="org.apache.flink.api.common.io.SerializedFormatTest" time="0.031"/>
  <testcase name="checkStatistics[1]" classname="org.apache.flink.api.common.io.SerializedFormatTest" time="0.025"/>
  <testcase name="checkInputSplits[2]" classname="org.apache.flink.api.common.io.SerializedFormatTest" time="0.023"/>
  <testcase name="checkRead[2]" classname="org.apache.flink.api.common.io.SerializedFormatTest" time="0.214"/>
  <testcase name="checkLength[2]" classname="org.apache.flink.api.common.io.SerializedFormatTest" time="0.025"/>
  <testcase name="checkStatistics[2]" classname="org.apache.flink.api.common.io.SerializedFormatTest" time="0.025"/>
  <testcase name="checkInputSplits[3]" classname="org.apache.flink.api.common.io.SerializedFormatTest" time="0.3"/>
  <testcase name="checkRead[3]" classname="org.apache.flink.api.common.io.SerializedFormatTest" time="15.277"/>
  <testcase name="checkLength[3]" classname="org.apache.flink.api.common.io.SerializedFormatTest" time="0.236"/>
  <testcase name="checkStatistics[3]" classname="org.apache.flink.api.common.io.SerializedFormatTest" time="0.325"/>
  <testcase name="checkInputSplits[4]" classname="org.apache.flink.api.common.io.SerializedFormatTest" time="0.282"/>
  <testcase name="checkRead[4]" classname="org.apache.flink.api.common.io.SerializedFormatTest" time="15.291"/>
  <testcase name="checkLength[4]" classname="org.apache.flink.api.common.io.SerializedFormatTest" time="0.312"/>
  <testcase name="checkStatistics[4]" classname="org.apache.flink.api.common.io.SerializedFormatTest" time="0.351"/>
  <testcase name="checkInputSplits[5]" classname="org.apache.flink.api.common.io.SerializedFormatTest" time="0.071"/>
  <testcase name="checkRead[5]" classname="org.apache.flink.api.common.io.SerializedFormatTest" time="0.206"/>
  <testcase name="checkLength[5]" classname="org.apache.flink.api.common.io.SerializedFormatTest" time="0.035"/>
  <testcase name="checkStatistics[5]" classname="org.apache.flink.api.common.io.SerializedFormatTest" time="0.035"/>
  <testcase name="checkInputSplits[6]" classname="org.apache.flink.api.common.io.SerializedFormatTest" time="0.049"/>
  <testcase name="checkRead[6]" classname="org.apache.flink.api.common.io.SerializedFormatTest" time="0.112"/>
  <testcase name="checkLength[6]" classname="org.apache.flink.api.common.io.SerializedFormatTest" time="0.03"/>
  <testcase name="checkStatistics[6]" classname="org.apache.flink.api.common.io.SerializedFormatTest" time="0.027"/>
  <testcase name="checkInputSplits[7]" classname="org.apache.flink.api.common.io.SerializedFormatTest" time="0.025"/>
  <testcase name="checkRead[7]" classname="org.apache.flink.api.common.io.SerializedFormatTest" time="0.138"/>
  <testcase name="checkLength[7]" classname="org.apache.flink.api.common.io.SerializedFormatTest" time="0.047"/>
  <testcase name="checkStatistics[7]" classname="org.apache.flink.api.common.io.SerializedFormatTest" time="0.034"/>
  <testcase name="checkInputSplits[8]" classname="org.apache.flink.api.common.io.SerializedFormatTest" time="0.242"/>
  <testcase name="checkRead[8]" classname="org.apache.flink.api.common.io.SerializedFormatTest" time="9.752"/>
  <testcase name="checkLength[8]" classname="org.apache.flink.api.common.io.SerializedFormatTest" time="0.47"/>
  <testcase name="checkStatistics[8]" classname="org.apache.flink.api.common.io.SerializedFormatTest" time="0.307"/>
  <testcase name="checkInputSplits[9]" classname="org.apache.flink.api.common.io.SerializedFormatTest" time="0.253"/>
  <testcase name="checkRead[9]" classname="org.apache.flink.api.common.io.SerializedFormatTest" time="13.767"/>
  <testcase name="checkLength[9]" classname="org.apache.flink.api.common.io.SerializedFormatTest" time="0.238"/>
  <testcase name="checkStatistics[9]" classname="org.apache.flink.api.common.io.SerializedFormatTest" time="0.274"/>
</testsuite>