<?xml version="1.0" encoding="UTF-8"?>
<testsuite name="org.apache.flink.api.java.sca.UdfAnalyzerTest" time="3.691" tests="63" errors="0" skipped="0" failures="0">
  <properties>
[...]
</properties>
  <testcase name="testForwardWithArrayModification" classname="org.apache.flink.api.java.sca.UdfAnalyzerTest" time="0.08"/>
  <testcase name="testForwardWithGenericTypeOutput" classname="org.apache.flink.api.java.sca.UdfAnalyzerTest" time="0.061"/>
  <testcase name="testForwardWithModifiedInput" classname="org.apache.flink.api.java.sca.UdfAnalyzerTest" time="0.152"/>
  <testcase name="testForwardWithRecursion" classname="org.apache.flink.api.java.sca.UdfAnalyzerTest" time="0.057"/>
  <testcase name="testForwardWithAtLeastOneIterationAssumptionForJavac" classname="org.apache.flink.api.java.sca.UdfAnalyzerTest" time="0.107"/>
  <testcase name="testForwardWithInheritance2" classname="org.apache.flink.api.java.sca.UdfAnalyzerTest" time="0.038"/>
  <testcase name="testFilterModificationException1" classname="org.apache.flink.api.java.sca.UdfAnalyzerTest" time="0.028"/>
  <testcase name="testFilterModificationException2" classname="org.apache.flink.api.java.sca.UdfAnalyzerTest" time="0.003"/>
  <testcase name="testNullReturnException" classname="org.apache.flink.api.java.sca.UdfAnalyzerTest" time="0.087"/>
  <testcase name="testForwardIntoTupleWithAssignment" classname="org.apache.flink.api.java.sca.UdfAnalyzerTest" time="0.1"/>
  <testcase name="testSingleFieldExtractWithCondition" classname="org.apache.flink.api.java.sca.UdfAnalyzerTest" time="0.085"/>
  <testcase name="testForwardIntoTupleWithInputPath" classname="org.apache.flink.api.java.sca.UdfAnalyzerTest" time="0.039"/>
  <testcase name="testForwardWithBranchingReduce" classname="org.apache.flink.api.java.sca.UdfAnalyzerTest" time="0.045"/>
  <testcase name="testForwardWithInheritance" classname="org.apache.flink.api.java.sca.UdfAnalyzerTest" time="0.083"/>
  <testcase name="testForwardWithCollector" classname="org.apache.flink.api.java.sca.UdfAnalyzerTest" time="0.026"/>
  <testcase name="testForwardWithAtLeastOneIterationAssumption" classname="org.apache.flink.api.java.sca.UdfAnalyzerTest" time="0.093"/>
  <testcase name="testForwardWithGetAndModification" classname="org.apache.flink.api.java.sca.UdfAnalyzerTest" time="0.188"/>
  <testcase name="testForwardWithCollectorPassing" classname="org.apache.flink.api.java.sca.UdfAnalyzerTest" time="0.019"/>
  <testcase name="testForwardWithGenericTypePublicAttrAccess" classname="org.apache.flink.api.java.sca.UdfAnalyzerTest" time="0.273"/>
  <testcase name="testForwardWithNewTupleToNewTupleAssignment" classname="org.apache.flink.api.java.sca.UdfAnalyzerTest" time="0.038"/>
  <testcase name="testForwardWithIterable2" classname="org.apache.flink.api.java.sca.UdfAnalyzerTest" time="0.055"/>
  <testcase name="testForwardWithIterable3" classname="org.apache.flink.api.java.sca.UdfAnalyzerTest" time="0.005"/>
  <testcase name="testForwardWith2Collectors" classname="org.apache.flink.api.java.sca.UdfAnalyzerTest" time="0.036"/>
  <testcase name="testForwardWithPojoPrivateAttrAccess" classname="org.apache.flink.api.java.sca.UdfAnalyzerTest" time="0.046"/>
  <testcase name="testForwardWithBranching1" classname="org.apache.flink.api.java.sca.UdfAnalyzerTest" time="0.04"/>
  <testcase name="testForwardWithBranching2" classname="org.apache.flink.api.java.sca.UdfAnalyzerTest" time="0.011"/>
  <testcase name="testForwardWithBranching3" classname="org.apache.flink.api.java.sca.UdfAnalyzerTest" time="0.039"/>
  <testcase name="testForwardWithBranching4" classname="org.apache.flink.api.java.sca.UdfAnalyzerTest" time="0.031"/>
  <testcase name="testForwardWithBranching5" classname="org.apache.flink.api.java.sca.UdfAnalyzerTest" time="0.041"/>
  <testcase name="testForwardWithBranching6" classname="org.apache.flink.api.java.sca.UdfAnalyzerTest" time="0.032"/>
  <testcase name="testForwardWithTuplesGetSetFieldMethods" classname="org.apache.flink.api.java.sca.UdfAnalyzerTest" time="0.045"/>
  <testcase name="testForwardIntoTupleWithInstanceVar" classname="org.apache.flink.api.java.sca.UdfAnalyzerTest" time="0.081"/>
  <testcase name="testForwardIntoTupleWithInstanceVarChangedByOtherMethod" classname="org.apache.flink.api.java.sca.UdfAnalyzerTest" time="0.004"/>
  <testcase name="testForwardIntoTupleWithCondition" classname="org.apache.flink.api.java.sca.UdfAnalyzerTest" time="0.047"/>
  <testcase name="testForwardWithUnboxingAndBoxing" classname="org.apache.flink.api.java.sca.UdfAnalyzerTest" time="0.057"/>
  <testcase name="testForwardIntoNestedTupleWithVarAndModification" classname="org.apache.flink.api.java.sca.UdfAnalyzerTest" time="0.007"/>
  <testcase name="testForwardWithGetMethod2" classname="org.apache.flink.api.java.sca.UdfAnalyzerTest" time="0.089"/>
  <testcase name="testForwardWithTuplesGetSetFieldMethods2" classname="org.apache.flink.api.java.sca.UdfAnalyzerTest" time="0.712"/>
  <testcase name="testSingleFieldExtract" classname="org.apache.flink.api.java.sca.UdfAnalyzerTest" time="0.039"/>
  <testcase name="testForwardIntoTupleWithInstanceVarAndCondition" classname="org.apache.flink.api.java.sca.UdfAnalyzerTest" time="0.03"/>
  <testcase name="testForwardWithPojoPublicAttrAccess" classname="org.apache.flink.api.java.sca.UdfAnalyzerTest" time="0.005"/>
  <testcase name="testForwardWithArrayAttrAccess" classname="org.apache.flink.api.java.sca.UdfAnalyzerTest" time="0.003"/>
  <testcase name="testForwardWithIterable" classname="org.apache.flink.api.java.sca.UdfAnalyzerTest" time="0.036"/>
  <testcase name="testForwardIntoTupleWithInstanceVar2" classname="org.apache.flink.api.java.sca.UdfAnalyzerTest" time="0.047"/>
  <testcase name="testForwardIntoUnsupportedObject" classname="org.apache.flink.api.java.sca.UdfAnalyzerTest" time="0.005"/>
  <testcase name="testForwardIntoTuple" classname="org.apache.flink.api.java.sca.UdfAnalyzerTest" time="0.014"/>
  <testcase name="testForwardWithSetMethod" classname="org.apache.flink.api.java.sca.UdfAnalyzerTest" time="0.008"/>
  <testcase name="testForwardIntoNewTupleWithSetMethod" classname="org.apache.flink.api.java.sca.UdfAnalyzerTest" time="0.007"/>
  <testcase name="testForwardWithReduce" classname="org.apache.flink.api.java.sca.UdfAnalyzerTest" time="0.062"/>
  <testcase name="testPutStaticException" classname="org.apache.flink.api.java.sca.UdfAnalyzerTest" time="0.024"/>
  <testcase name="testForwardWithAtLeastOneIterationAssumption2" classname="org.apache.flink.api.java.sca.UdfAnalyzerTest" time="0.049"/>
  <testcase name="testForwardWithAtLeastOneIterationAssumption3" classname="org.apache.flink.api.java.sca.UdfAnalyzerTest" time="0.063"/>
  <testcase name="testForwardWithAtLeastOneIterationAssumption4" classname="org.apache.flink.api.java.sca.UdfAnalyzerTest" time="0.003"/>
  <testcase name="testForwardWithAtLeastOneIterationAssumption5" classname="org.apache.flink.api.java.sca.UdfAnalyzerTest" time="0.003"/>
  <testcase name="testForwardWithAtLeastOneIterationAssumption6" classname="org.apache.flink.api.java.sca.UdfAnalyzerTest" time="0.003"/>
  <testcase name="testForwardWithAtLeastOneIterationAssumption7" classname="org.apache.flink.api.java.sca.UdfAnalyzerTest" time="0.002"/>
  <testcase name="testForwardWithGetMethod" classname="org.apache.flink.api.java.sca.UdfAnalyzerTest" time="0.066"/>
  <testcase name="testForwardIntoNestedTuple" classname="org.apache.flink.api.java.sca.UdfAnalyzerTest" time="0.043"/>
  <testcase name="testForwardWithDualInput" classname="org.apache.flink.api.java.sca.UdfAnalyzerTest" time="0.05"/>
  <testcase name="testForwardIntoPojoByGettersAndSetters" classname="org.apache.flink.api.java.sca.UdfAnalyzerTest" time="0.045"/>
  <testcase name="testForwardWithDualInputAndCollector" classname="org.apache.flink.api.java.sca.UdfAnalyzerTest" time="0.005"/>
  <testcase name="testForwardWithGetRuntimeContext" classname="org.apache.flink.api.java.sca.UdfAnalyzerTest" time="0.05"/>
  <testcase name="testForwardWithSetMethod2" classname="org.apache.flink.api.java.sca.UdfAnalyzerTest" time="0.049"/>
</testsuite>