<?xml version="1.0" encoding="UTF-8"?>
<testsuite name="org.apache.flink.api.java.typeutils.TypeInfoParserTest" time="0.029" tests="13" errors="0" skipped="0" failures="0">
  <properties>
[...]
</properties>
  <testcase name="testException" classname="org.apache.flink.api.java.typeutils.TypeInfoParserTest" time="0"/>
  <testcase name="testBasicArrays" classname="org.apache.flink.api.java.typeutils.TypeInfoParserTest" time="0"/>
  <testcase name="testBasicTypes" classname="org.apache.flink.api.java.typeutils.TypeInfoParserTest" time="0"/>
  <testcase name="testEnumType" classname="org.apache.flink.api.java.typeutils.TypeInfoParserTest" time="0"/>
  <testcase name="testPojoType2" classname="org.apache.flink.api.java.typeutils.TypeInfoParserTest" time="0"/>
  <testcase name="testObjectArrays" classname="org.apache.flink.api.java.typeutils.TypeInfoParserTest" time="0"/>
  <testcase name="testWritableType" classname="org.apache.flink.api.java.typeutils.TypeInfoParserTest" time="0"/>
  <testcase name="testLargeMixedTuple" classname="org.apache.flink.api.java.typeutils.TypeInfoParserTest" time="0"/>
  <testcase name="testGenericType" classname="org.apache.flink.api.java.typeutils.TypeInfoParserTest" time="0"/>
  <testcase name="testPojoType" classname="org.apache.flink.api.java.typeutils.TypeInfoParserTest" time="0"/>
  <testcase name="testValueTypes" classname="org.apache.flink.api.java.typeutils.TypeInfoParserTest" time="0"/>
  <testcase name="testMultiDimensionalArray" classname="org.apache.flink.api.java.typeutils.TypeInfoParserTest" time="0.029"/>
  <testcase name="testTuples" classname="org.apache.flink.api.java.typeutils.TypeInfoParserTest" time="0"/>
</testsuite>